Build started 4/11/2014 1:44:22 AM.
     1>Project "D:\My Documents\My Files\MasonRO\Hercules\2013-08-14aRagexe Full Client\Hercules-master\identifyall\identifyall.vcxproj" on node 2 (build target(s)).
     1>InitializeBuildStatus:
         Creating "identifyall\\identifyall.unsuccessfulbuild" because "AlwaysCreate" was specified.
       ClCompile:
         C:\Program Files\Microsoft Visual Studio 10.0\VC\bin\CL.exe /c /I..\src\common /I..\3rdparty\msinttypes\include /Zi /nologo /W3 /WX- /O2 /Oi /Oy- /GL /D _WINDLL /D _MBCS /Gm- /EHsc /MD /GS /Gy /fp:precise /Zc:wchar_t /Zc:forScope /Fo"identifyall\\" /Fd"identifyall\\vc100.pdb" /Gd /TC /analyze- /errorReport:prompt ..\src\plugins\identifyall.c
         identifyall.c
       Link:
         C:\Program Files\Microsoft Visual Studio 10.0\VC\bin\link.exe /ERRORREPORT:PROMPT /OUT:"..\plugins\identifyall.dll" /NOLOGO kernel32.lib user32.lib gdi32.lib winspool.lib comdlg32.lib advapi32.lib shell32.lib ole32.lib oleaut32.lib uuid.lib odbc32.lib odbccp32.lib /MANIFEST /ManifestFile:"identifyall\\identifyall.dll.intermediate.manifest" /MANIFESTUAC:"level='asInvoker' uiAccess='false'" /DEBUG /PDB:"D:\My Documents\My Files\MasonRO\Hercules\2013-08-14aRagexe Full Client\Hercules-master\plugins\identifyall.pdb" /OPT:REF /OPT:ICF /LTCG /TLBID:1 /DYNAMICBASE /NXCOMPAT /IMPLIB:"..\plugins\identifyall.lib" /MACHINE:X86 /DLL identifyall\\identifyall.obj
            Creating library ..\plugins\identifyall.lib and object ..\plugins\identifyall.exp
         Generating code
         Finished generating code
         identifyall.vcxproj -> D:\My Documents\My Files\MasonRO\Hercules\2013-08-14aRagexe Full Client\Hercules-master\identifyall\..\plugins\identifyall.dll
       Manifest:
         C:\Program Files\Microsoft SDKs\Windows\v7.0A\bin\mt.exe /nologo /verbose /outputresource:"..\plugins\identifyall.dll;#2" /manifest identifyall\\identifyall.dll.intermediate.manifest
       FinalizeBuildStatus:
         Deleting file "identifyall\\identifyall.unsuccessfulbuild".
         Touching "identifyall\\identifyall.lastbuildstate".
     1>Done Building Project "D:\My Documents\My Files\MasonRO\Hercules\2013-08-14aRagexe Full Client\Hercules-master\identifyall\identifyall.vcxproj" (build target(s)).

Build succeeded.

Time Elapsed 00:00:05.62
