Build started 4/11/2014 1:44:57 AM.
     1>Project "D:\My Documents\My Files\MasonRO\Hercules\2013-08-14aRagexe Full Client\Hercules-master\autopots\autopots.vcxproj" on node 2 (build target(s)).
     1>InitializeBuildStatus:
         Creating "autopots\\autopots.unsuccessfulbuild" because "AlwaysCreate" was specified.
       ClCompile:
         C:\Program Files\Microsoft Visual Studio 10.0\VC\bin\CL.exe /c /I..\src\common /I..\3rdparty\msinttypes\include /Zi /nologo /W3 /WX- /O2 /Oi /Oy- /GL /D _WINDLL /D _MBCS /Gm- /EHsc /MD /GS /Gy /fp:precise /Zc:wchar_t /Zc:forScope /Fo"autopots\\" /Fd"autopots\\vc100.pdb" /Gd /TC /analyze- /errorReport:prompt ..\src\plugins\autopots.c
         autopots.c
       Link:
         C:\Program Files\Microsoft Visual Studio 10.0\VC\bin\link.exe /ERRORREPORT:PROMPT /OUT:"..\plugins\autopots.dll" /NOLOGO kernel32.lib user32.lib gdi32.lib winspool.lib comdlg32.lib advapi32.lib shell32.lib ole32.lib oleaut32.lib uuid.lib odbc32.lib odbccp32.lib /MANIFEST /ManifestFile:"autopots\\autopots.dll.intermediate.manifest" /MANIFESTUAC:"level='asInvoker' uiAccess='false'" /DEBUG /PDB:"D:\My Documents\My Files\MasonRO\Hercules\2013-08-14aRagexe Full Client\Hercules-master\plugins\autopots.pdb" /OPT:REF /OPT:ICF /LTCG /TLBID:1 /DYNAMICBASE /NXCOMPAT /IMPLIB:"..\plugins\autopots.lib" /MACHINE:X86 /DLL autopots\\autopots.obj
            Creating library ..\plugins\autopots.lib and object ..\plugins\autopots.exp
         Generating code
         Finished generating code
         autopots.vcxproj -> D:\My Documents\My Files\MasonRO\Hercules\2013-08-14aRagexe Full Client\Hercules-master\autopots\..\plugins\autopots.dll
       Manifest:
         C:\Program Files\Microsoft SDKs\Windows\v7.0A\bin\mt.exe /nologo /verbose /outputresource:"..\plugins\autopots.dll;#2" /manifest autopots\\autopots.dll.intermediate.manifest
       FinalizeBuildStatus:
         Deleting file "autopots\\autopots.unsuccessfulbuild".
         Touching "autopots\\autopots.lastbuildstate".
     1>Done Building Project "D:\My Documents\My Files\MasonRO\Hercules\2013-08-14aRagexe Full Client\Hercules-master\autopots\autopots.vcxproj" (build target(s)).

Build succeeded.

Time Elapsed 00:00:04.78
