Build started 4/11/2014 1:44:23 AM.
     1>Project "D:\My Documents\My Files\MasonRO\Hercules\2013-08-14aRagexe Full Client\Hercules-master\whosell\whosell.vcxproj" on node 3 (build target(s)).
     1>InitializeBuildStatus:
         Creating "whosell\\whosell.unsuccessfulbuild" because "AlwaysCreate" was specified.
       ClCompile:
         C:\Program Files\Microsoft Visual Studio 10.0\VC\bin\CL.exe /c /I..\src\common /I..\3rdparty\msinttypes\include /Zi /nologo /W3 /WX- /O2 /Oi /Oy- /GL /D _WINDLL /D _MBCS /Gm- /EHsc /MD /GS /Gy /fp:precise /Zc:wchar_t /Zc:forScope /Fo"whosell\\" /Fd"whosell\\vc100.pdb" /Gd /TC /analyze- /errorReport:prompt ..\src\plugins\whosell.c
         whosell.c
     1>..\src\plugins\whosell.c(38): warning C4996: 'sscanf': This function or variable may be unsafe. Consider using sscanf_s instead. To disable deprecation, use _CRT_SECURE_NO_WARNINGS. See online help for details.
                 C:\Program Files\Microsoft Visual Studio 10.0\VC\include\stdio.h(325) : see declaration of 'sscanf'
     1>..\src\plugins\whosell.c(41): warning C4996: 'sscanf': This function or variable may be unsafe. Consider using sscanf_s instead. To disable deprecation, use _CRT_SECURE_NO_WARNINGS. See online help for details.
                 C:\Program Files\Microsoft Visual Studio 10.0\VC\include\stdio.h(325) : see declaration of 'sscanf'
     1>..\src\plugins\whosell.c(44): warning C4996: 'sscanf': This function or variable may be unsafe. Consider using sscanf_s instead. To disable deprecation, use _CRT_SECURE_NO_WARNINGS. See online help for details.
                 C:\Program Files\Microsoft Visual Studio 10.0\VC\include\stdio.h(325) : see declaration of 'sscanf'
     1>..\src\plugins\whosell.c(47): warning C4996: 'sscanf': This function or variable may be unsafe. Consider using sscanf_s instead. To disable deprecation, use _CRT_SECURE_NO_WARNINGS. See online help for details.
                 C:\Program Files\Microsoft Visual Studio 10.0\VC\include\stdio.h(325) : see declaration of 'sscanf'
     1>..\src\plugins\whosell.c(50): warning C4996: 'sscanf': This function or variable may be unsafe. Consider using sscanf_s instead. To disable deprecation, use _CRT_SECURE_NO_WARNINGS. See online help for details.
                 C:\Program Files\Microsoft Visual Studio 10.0\VC\include\stdio.h(325) : see declaration of 'sscanf'
     1>..\src\plugins\whosell.c(53): warning C4996: 'sscanf': This function or variable may be unsafe. Consider using sscanf_s instead. To disable deprecation, use _CRT_SECURE_NO_WARNINGS. See online help for details.
                 C:\Program Files\Microsoft Visual Studio 10.0\VC\include\stdio.h(325) : see declaration of 'sscanf'
     1>..\src\plugins\whosell.c(56): warning C4996: 'sscanf': This function or variable may be unsafe. Consider using sscanf_s instead. To disable deprecation, use _CRT_SECURE_NO_WARNINGS. See online help for details.
                 C:\Program Files\Microsoft Visual Studio 10.0\VC\include\stdio.h(325) : see declaration of 'sscanf'
     1>..\src\plugins\whosell.c(59): warning C4996: 'sscanf': This function or variable may be unsafe. Consider using sscanf_s instead. To disable deprecation, use _CRT_SECURE_NO_WARNINGS. See online help for details.
                 C:\Program Files\Microsoft Visual Studio 10.0\VC\include\stdio.h(325) : see declaration of 'sscanf'
     1>..\src\plugins\whosell.c(119): warning C4996: '_snprintf': This function or variable may be unsafe. Consider using _snprintf_s instead. To disable deprecation, use _CRT_SECURE_NO_WARNINGS. See online help for details.
                 C:\Program Files\Microsoft Visual Studio 10.0\VC\include\stdio.h(363) : see declaration of '_snprintf'
     1>..\src\plugins\whosell.c(131): warning C4996: '_snprintf': This function or variable may be unsafe. Consider using _snprintf_s instead. To disable deprecation, use _CRT_SECURE_NO_WARNINGS. See online help for details.
                 C:\Program Files\Microsoft Visual Studio 10.0\VC\include\stdio.h(363) : see declaration of '_snprintf'
     1>..\src\plugins\whosell.c(138): warning C4996: '_snprintf': This function or variable may be unsafe. Consider using _snprintf_s instead. To disable deprecation, use _CRT_SECURE_NO_WARNINGS. See online help for details.
                 C:\Program Files\Microsoft Visual Studio 10.0\VC\include\stdio.h(363) : see declaration of '_snprintf'
     1>..\src\plugins\whosell.c(153): warning C4996: '_snprintf': This function or variable may be unsafe. Consider using _snprintf_s instead. To disable deprecation, use _CRT_SECURE_NO_WARNINGS. See online help for details.
                 C:\Program Files\Microsoft Visual Studio 10.0\VC\include\stdio.h(363) : see declaration of '_snprintf'
       Link:
         C:\Program Files\Microsoft Visual Studio 10.0\VC\bin\link.exe /ERRORREPORT:PROMPT /OUT:"..\plugins\whosell.dll" /NOLOGO kernel32.lib user32.lib gdi32.lib winspool.lib comdlg32.lib advapi32.lib shell32.lib ole32.lib oleaut32.lib uuid.lib odbc32.lib odbccp32.lib /MANIFEST /ManifestFile:"whosell\\whosell.dll.intermediate.manifest" /MANIFESTUAC:"level='asInvoker' uiAccess='false'" /DEBUG /PDB:"D:\My Documents\My Files\MasonRO\Hercules\2013-08-14aRagexe Full Client\Hercules-master\plugins\whosell.pdb" /OPT:REF /OPT:ICF /LTCG /TLBID:1 /DYNAMICBASE /NXCOMPAT /IMPLIB:"..\plugins\whosell.lib" /MACHINE:X86 /DLL whosell\\whosell.obj
            Creating library ..\plugins\whosell.lib and object ..\plugins\whosell.exp
         Generating code
         Finished generating code
         whosell.vcxproj -> D:\My Documents\My Files\MasonRO\Hercules\2013-08-14aRagexe Full Client\Hercules-master\whosell\..\plugins\whosell.dll
       Manifest:
         C:\Program Files\Microsoft SDKs\Windows\v7.0A\bin\mt.exe /nologo /verbose /outputresource:"..\plugins\whosell.dll;#2" /manifest whosell\\whosell.dll.intermediate.manifest
       FinalizeBuildStatus:
         Deleting file "whosell\\whosell.unsuccessfulbuild".
         Touching "whosell\\whosell.lastbuildstate".
     1>Done Building Project "D:\My Documents\My Files\MasonRO\Hercules\2013-08-14aRagexe Full Client\Hercules-master\whosell\whosell.vcxproj" (build target(s)).

Build succeeded.

Time Elapsed 00:00:17.20
