D:\Program Files (x86)\Gravity\Hercules3\trunk\plugins\afk.lib
D:\Program Files (x86)\Gravity\Hercules3\trunk\plugins\afk.exp
D:\PROGRAM FILES (X86)\GRAVITY\HERCULES3\TRUNK\AFK\AFK\AFK.OBJ
D:\PROGRAM FILES (X86)\GRAVITY\HERCULES3\TRUNK\AFK\AFK\VC110.PDB
D:\PROGRAM FILES (X86)\GRAVITY\HERCULES3\TRUNK\PLUGINS\AFK.ILK
D:\PROGRAM FILES (X86)\GRAVITY\HERCULES3\TRUNK\PLUGINS\AFK.DLL
D:\PROGRAM FILES (X86)\GRAVITY\HERCULES3\TRUNK\PLUGINS\AFK.PDB
D:\Program Files (x86)\Gravity\Hercules3\trunk\afk\afk\afk.obj
D:\Program Files (x86)\Gravity\Hercules3\trunk\afk\afk\afk.write.1.tlog
D:\Program Files (x86)\Gravity\Hercules3\trunk\afk\afk\cl.command.1.tlog
D:\Program Files (x86)\Gravity\Hercules3\trunk\afk\afk\CL.read.1.tlog
D:\Program Files (x86)\Gravity\Hercules3\trunk\afk\afk\CL.write.1.tlog
D:\Program Files (x86)\Gravity\Hercules3\trunk\afk\afk\link-cvtres.read.1.tlog
D:\Program Files (x86)\Gravity\Hercules3\trunk\afk\afk\link-cvtres.write.1.tlog
D:\Program Files (x86)\Gravity\Hercules3\trunk\afk\afk\link-rc.read.1.tlog
D:\Program Files (x86)\Gravity\Hercules3\trunk\afk\afk\link-rc.write.1.tlog
D:\Program Files (x86)\Gravity\Hercules3\trunk\afk\afk\link.command.1.tlog
D:\Program Files (x86)\Gravity\Hercules3\trunk\afk\afk\link.read.1.tlog
D:\Program Files (x86)\Gravity\Hercules3\trunk\afk\afk\link.write.1.tlog
D:\Program Files (x86)\Gravity\Hercules3\trunk\afk\afk\vc110.idb
D:\Program Files (x86)\Gravity\Hercules3\trunk\afk\afk\vc110.pdb
D:\Program Files (x86)\Gravity\Hercules3\trunk\afk\..\plugins\afk.dll
