Build started 4/11/2014 1:44:42 AM.
     1>Project "D:\My Documents\My Files\MasonRO\Hercules\2013-08-14aRagexe Full Client\Hercules-master\autoattack\autoattack.vcxproj" on node 3 (build target(s)).
     1>InitializeBuildStatus:
         Creating "autoattack\\autoattack.unsuccessfulbuild" because "AlwaysCreate" was specified.
       ClCompile:
         C:\Program Files\Microsoft Visual Studio 10.0\VC\bin\CL.exe /c /I..\src\common /I..\3rdparty\msinttypes\include /Zi /nologo /W3 /WX- /O2 /Oi /Oy- /GL /D _WINDLL /D _MBCS /Gm- /EHsc /MD /GS /Gy /fp:precise /Zc:wchar_t /Zc:forScope /Fo"autoattack\\" /Fd"autoattack\\vc100.pdb" /Gd /TC /analyze- /errorReport:prompt ..\src\plugins\autoattack.c
         autoattack.c
       Link:
         C:\Program Files\Microsoft Visual Studio 10.0\VC\bin\link.exe /ERRORREPORT:PROMPT /OUT:"..\plugins\autoattack.dll" /NOLOGO kernel32.lib user32.lib gdi32.lib winspool.lib comdlg32.lib advapi32.lib shell32.lib ole32.lib oleaut32.lib uuid.lib odbc32.lib odbccp32.lib /MANIFEST /ManifestFile:"autoattack\\autoattack.dll.intermediate.manifest" /MANIFESTUAC:"level='asInvoker' uiAccess='false'" /DEBUG /PDB:"D:\My Documents\My Files\MasonRO\Hercules\2013-08-14aRagexe Full Client\Hercules-master\plugins\autoattack.pdb" /OPT:REF /OPT:ICF /LTCG /TLBID:1 /DYNAMICBASE /NXCOMPAT /IMPLIB:"..\plugins\autoattack.lib" /MACHINE:X86 /DLL autoattack\\autoattack.obj
            Creating library ..\plugins\autoattack.lib and object ..\plugins\autoattack.exp
         Generating code
         Finished generating code
         autoattack.vcxproj -> D:\My Documents\My Files\MasonRO\Hercules\2013-08-14aRagexe Full Client\Hercules-master\autoattack\..\plugins\autoattack.dll
       Manifest:
         C:\Program Files\Microsoft SDKs\Windows\v7.0A\bin\mt.exe /nologo /verbose /outputresource:"..\plugins\autoattack.dll;#2" /manifest autoattack\\autoattack.dll.intermediate.manifest
       FinalizeBuildStatus:
         Deleting file "autoattack\\autoattack.unsuccessfulbuild".
         Touching "autoattack\\autoattack.lastbuildstate".
     1>Done Building Project "D:\My Documents\My Files\MasonRO\Hercules\2013-08-14aRagexe Full Client\Hercules-master\autoattack\autoattack.vcxproj" (build target(s)).

Build succeeded.

Time Elapsed 00:00:07.83
